<?xml version="1.0" encoding="UTF-8"?>
<!-- Generated by org.testng.reporters.JUnitReportReporter -->
<testsuite hostname="Manoj" failures="0" tests="1" name="com.mystore.testcases.AccountPageTest" time="0.002" errors="0" timestamp="2023-10-02T21:59:16 IST" skipped="0">
  <testcase classname="com.mystore.testcases.AccountPageTest" name="AccountTest" time="0.002"/>
  <system-out/>
</testsuite> <!-- com.mystore.testcases.AccountPageTest -->
