<?xml version="1.0" encoding="UTF-8"?>
<!-- Generated by org.testng.reporters.JUnitReportReporter -->
<testsuite hostname="Manoj" failures="0" tests="2" name="com.mystore.testcases.IndexPageTest" time="15.093" errors="0" timestamp="2023-11-17T15:25:15 IST" skipped="0">
  <testcase classname="com.mystore.testcases.IndexPageTest" name="Verifytitle" time="7.826"/>
  <system-out/>
  <testcase classname="com.mystore.testcases.IndexPageTest" name="Verifylogo" time="7.267"/>
  <system-out/>
</testsuite> <!-- com.mystore.testcases.IndexPageTest -->
