<?xml version="1.0" encoding="UTF-8"?>
<!-- Generated by org.testng.reporters.JUnitReportReporter -->
<testsuite hostname="Manoj" failures="0" tests="1" name="com.mystore.testcases.AddToCartPageTest" time="0.002" errors="0" timestamp="2023-09-28T21:10:27 IST" skipped="0">
  <testcase classname="com.mystore.testcases.AddToCartPageTest" name="AddToCartPage" time="0.002"/>
  <system-out/>
</testsuite> <!-- com.mystore.testcases.AddToCartPageTest -->
